mode: set
/home/conrad/Documents/Github/coding-interview-university/examples/rotateMatrix/rotateMatrix.go:6.13,17.2 7 0
/home/conrad/Documents/Github/coding-interview-university/examples/rotateMatrix/rotateMatrix.go:19.27,21.42 2 1
/home/conrad/Documents/Github/coding-interview-university/examples/rotateMatrix/rotateMatrix.go:21.42,24.33 3 1
/home/conrad/Documents/Github/coding-interview-university/examples/rotateMatrix/rotateMatrix.go:24.33,36.4 6 1
/home/conrad/Documents/Github/coding-interview-university/examples/rotateMatrix/rotateMatrix.go:39.29,41.33 1 1
/home/conrad/Documents/Github/coding-interview-university/examples/rotateMatrix/rotateMatrix.go:41.33,43.3 1 1
/home/conrad/Documents/Github/coding-interview-university/examples/rotateMatrix/rotateMatrix.go:46.32,50.25 2 1
/home/conrad/Documents/Github/coding-interview-university/examples/rotateMatrix/rotateMatrix.go:56.2,56.10 1 1
/home/conrad/Documents/Github/coding-interview-university/examples/rotateMatrix/rotateMatrix.go:50.25,52.26 2 1
/home/conrad/Documents/Github/coding-interview-university/examples/rotateMatrix/rotateMatrix.go:52.26,54.4 1 1
